<?xml version="1.0" encoding="UTF-8"?>
<!-- Generated by org.testng.reporters.JUnitReportReporter -->
<testsuite hostname="DESKTOP-FQTICKO" failures="0" tests="2" name="pageTests.BrowserStackTest01" time="7.472" errors="0" timestamp="2022-06-15T10:38:51 IST" skipped="0">
  <testcase classname="pageTests.BrowserStackTest01" name="navigate_to_homepage_click_on_getstarted" time="6.035"/>
  <system-out/>
  <testcase classname="pageTests.BrowserStackTest01" name="enter_userDetails" time="1.437"/>
  <system-out/>
</testsuite> <!-- pageTests.BrowserStackTest01 -->
